<?xml version='1.0' encoding='UTF-8'?>
<testsuite hostname="aasthas-MBP.attlocal.net" name="profileServiceTest" tests="2" errors="0" failures="0" skipped="0" time="0.278" timestamp="2021-05-04T20:59:43">
          <properties>
[...]
</properties>
          <testcase classname="profileServiceTest" name="existingUser()" time="0.155">
                      
                    </testcase><testcase classname="profileServiceTest" name="newUser()" time="0.123">
                      
                    </testcase>
          <system-out><![CDATA[]]></system-out>
          <system-err><![CDATA[]]></system-err>
        </testsuite>